<?xml version="1.0" encoding="UTF-8"?>
<testsuite name="com.group_finity.mascot.trigger.expr.ExprTriggerAdvancedTest" tests="7" skipped="0" failures="0" errors="0" timestamp="2025-10-13T13:03:12.871Z" hostname="DESKTOP-5C455RJ" time="0.041">
  <properties/>
  <testcase name="testNestedParentheses()" classname="com.group_finity.mascot.trigger.expr.ExprTriggerAdvancedTest" time="0.026"/>
  <testcase name="testUnaryOperations()" classname="com.group_finity.mascot.trigger.expr.ExprTriggerAdvancedTest" time="0.003"/>
  <testcase name="testStringEqualityAndInequality()" classname="com.group_finity.mascot.trigger.expr.ExprTriggerAdvancedTest" time="0.002"/>
  <testcase name="testArithmeticAndComparison()" classname="com.group_finity.mascot.trigger.expr.ExprTriggerAdvancedTest" time="0.002"/>
  <testcase name="testBooleanLogic()" classname="com.group_finity.mascot.trigger.expr.ExprTriggerAdvancedTest" time="0.001"/>
  <testcase name="testVariablesAndCoercion()" classname="com.group_finity.mascot.trigger.expr.ExprTriggerAdvancedTest" time="0.002"/>
  <testcase name="testComplexMixedExpression()" classname="com.group_finity.mascot.trigger.expr.ExprTriggerAdvancedTest" time="0.002"/>
  <system-out><![CDATA[[ExprDebug] op=+ | left=1(Long) | right=2(Long)
[ExprDebug] op=+ | left=3(Long) | right=4(Long)
[ExprDebug] op=* | left=3(Long) | right=7(Long)
[ExprDebug] op=== | left=21(Long) | right=21(Long)
[ExprDebug] op=+ | left=2(Long) | right=3(Long)
[ExprDebug] op=+ | left=4(Long) | right=5(Long)
[ExprDebug] op=* | left=5(Long) | right=9(Long)
[ExprDebug] op=== | left=45(Long) | right=40(Long)
[ExprDebug] op=< | left=1(Long) | right=0(Long)
[ExprDebug] op=> | left=2(Long) | right=1(Long)
[ExprDebug] op=== | left=3(Long) | right=3(Long)
[ExprDebug] unary=! | value=true(Boolean)
[ExprDebug] op=== | left=false(Boolean) | right=false(Boolean)
[ExprDebug] unary=- | value=5(Long)
[ExprDebug] op=- | left=0(Long) | right=5(Long)
[ExprDebug] op=== | left=-5(Long) | right=-5(Long)
[ExprDebug] unary=! | value=false(Boolean)
[ExprDebug] unary=! | value=true(Boolean)
[ExprDebug] unary=- | value=5(Long)
[ExprDebug] unary=- | value=5(Long)
[ExprDebug] op==== | left=-5(Long) | right=-5(Long)
[ExprDebug] unary=- | value=5(Long)
[ExprDebug] unary=- | value=5(Long)
[ExprDebug] op==== | left=-5(Long) | right=-5(Long)
[ExprDebug] op=+ | left=2(Long) | right=3(Long)
[ExprDebug] unary=- | value=5(Long)
[ExprDebug] unary=- | value=5(Long)
[ExprDebug] op==== | left=-5(Long) | right=-5(Long)
[ExprDebug] unary=+ | value=5(Long)
[ExprDebug] op==== | left=5(Long) | right=5(Long)
[ExprDebug] unary=+ | value=3.5(Double)
[ExprDebug] op==== | left=3.5(Double) | right=3.5(Double)
[ExprDebug] unary=! | value=false(Boolean)
[ExprDebug] op==== | left=true(Boolean) | right=true(Boolean)
[ExprDebug] unary=! | value=true(Boolean)
[ExprDebug] op==== | left=false(Boolean) | right=false(Boolean)
[ExprDebug] op=== | left=hello(String) | right=hello(String)
[ExprDebug] op=!= | left=hello(String) | right=world(String)
[ExprDebug] op=== | left=jump(String) | right=jump(String)
[ExprDebug] op=== | left=jump(String) | right=fall(String)
[ExprDebug] op=* | left=2(Long) | right=3(Long)
[ExprDebug] op=+ | left=1(Long) | right=6(Long)
[ExprDebug] op=== | left=7(Long) | right=7(Long)
[ExprDebug] op=+ | left=2(Long) | right=3(Long)
[ExprDebug] op=* | left=5(Long) | right=4(Long)
[ExprDebug] op=== | left=20(Long) | right=20(Long)
[ExprDebug] op=> | left=5(Long) | right=3(Long)
[ExprDebug] op=< | left=2(Long) | right=4(Long)
[ExprDebug] op=/ | left=10(Long) | right=2(Long)
[ExprDebug] op=== | left=5.0(Double) | right=5(Long)
[ExprDebug] op=% | left=10(Long) | right=4(Long)
[ExprDebug] op=== | left=2.0(Double) | right=2(Long)
[ExprDebug] unary=! | value=true(Boolean)
[ExprDebug] unary=! | value=false(Boolean)
[ExprDebug] op=+ | left=5(Integer) | right=10.0(Double)
[ExprDebug] op=== | left=15.0(Double) | right=15(Long)
[ExprDebug] op=== | left=true(Boolean) | right=true(Boolean)
[ExprDebug] op=== | left=shimeji(String) | right=shimeji(String)
[ExprDebug] op=== | left=shimeji(String) | right=mushroom(String)
[ExprDebug] op=< | left=5(Integer) | right=10.0(Double)
[ExprDebug] op=/ | left=80(Integer) | right=100(Integer)
[ExprDebug] op=< | left=0.8(Double) | right=1.0(Double)
[ExprDebug] op=/ | left=100(Integer) | right=100(Integer)
[ExprDebug] op=< | left=1.0(Double) | right=1.0(Double)
[ExprDebug] op=== | left=dead(String) | right=jump(String)
]]></system-out>
  <system-err><![CDATA[]]></system-err>
</testsuite>
